<?xml version="1.0" encoding="UTF-8"?>
<!-- Generated by org.testng.reporters.JUnitReportReporter -->
<testsuite hostname="NaveenaKamal" failures="0" tests="2" name="DataConcepts.DataExample" time="0.008" errors="0" timestamp="2022-09-16T18:50:21 IST" skipped="0">
  <testcase classname="DataConcepts.DataExample" name="value" time="0.006"/>
  <system-out/>
  <testcase classname="DataConcepts.DataExample" name="value" time="0.002"/>
  <system-out/>
</testsuite> <!-- DataConcepts.DataExample -->
